<?xml version="1.0" encoding="UTF-8"?>
<!-- Generated by org.testng.reporters.JUnitXMLReporter -->
<testsuite ignored="0" hostname="DESKTOP-8AI6JMG" failures="0" tests="3" name="Test" time="36.576" errors="0" timestamp="03 Jun 2018 23:45:56 GMT">
  <testcase classname="Socks.ProductCatalogPage" name="DataEntry" time="0.298"/>
  <testcase classname="Socks.ProductCatalogPage" name="CheckOutClick" time="21.131"/>
  <testcase classname="Socks.ConfirmationPage" name="VerifyIfCorrectTotals" time="0.094"/>
</testsuite> <!-- Test -->
